[{
	"resource": "/e:/Assignment_data/financial-doc-qa/app.py",
	"owner": "pylance",
	"severity": 8,
	"message": "\"[\" was not closed",
	"source": "Pylance",
	"startLineNumber": 52,
	"startColumn": 65,
	"endLineNumber": 52,
	"endColumn": 66,
	"origin": "extHost1"
},{
	"resource": "/e:/Assignment_data/financial-doc-qa/app.py",
	"owner": "pylance",
	"severity": 8,
	"message": "Expected \":\"",
	"source": "Pylance",
	"startLineNumber": 287,
	"startColumn": 1,
	"endLineNumber": 287,
	"endColumn": 1,
	"origin": "extHost1"
},{
	"resource": "/e:/Assignment_data/financial-doc-qa/app.py",
	"owner": "pylance",
	"severity": 8,
	"message": "Expected expression",
	"source": "Pylance",
	"startLineNumber": 287,
	"startColumn": 1,
	"endLineNumber": 287,
	"endColumn": 1,
	"origin": "extHost1"
},{
	"resource": "/e:/Assignment_data/financial-doc-qa/app.py",
	"owner": "pylance",
	"severity": 8,
	"message": "Statements must be separated by newlines or semicolons",
	"source": "Pylance",
	"startLineNumber": 287,
	"startColumn": 1,
	"endLineNumber": 287,
	"endColumn": 1,
	"origin": "extHost1"
}]
